<?xml version="1.0" encoding="UTF-8"?>
<testsuite xmlns:xsi="http://www.w3.org/2001/XMLSchema-instance" xsi:noNamespaceSchemaLocation="https://maven.apache.org/surefire/maven-surefire-plugin/xsd/surefire-test-report-3.0.xsd" version="3.0" name="com.elasticsearch.search.SearchApplicationTests" time="1.462" tests="1" errors="0" skipped="0" failures="0">
  <properties>
[...]
</properties>
  <testcase name="contextLoads" classname="com.elasticsearch.search.SearchApplicationTests" time="0.35">
    <system-out><![CDATA[11:32:18.968 [main] INFO org.springframework.test.context.support.AnnotationConfigContextLoaderUtils -- Could not detect default configuration classes for test class [com.elasticsearch.search.SearchApplicationTests]: SearchApplicationTests does not declare any static, non-private, non-final, nested classes annotated with @Configuration.
11:32:19.009 [main] INFO org.springframework.boot.test.context.SpringBootTestContextBootstrapper -- Found @SpringBootConfiguration com.elasticsearch.search.SearchApplication for test class com.elasticsearch.search.SearchApplicationTests

  .   ____          _            __ _ _
 /\\ / ___'_ __ _ _(_)_ __  __ _ \ \ \ \
( ( )\___ | '_ | '_| | '_ \/ _` | \ \ \ \
 \\/  ___)| |_)| | | | | || (_| |  ) ) ) )
  '  |____| .__|_| |_|_| |_\__, | / / / /
 =========|_|==============|___/=/_/_/_/
 :: Spring Boot ::                (v3.1.0)

2024-06-07T11:32:19.175-03:00  INFO 27147 --- [           main] c.e.search.SearchApplicationTests        : Starting SearchApplicationTests using Java 19.0.2 with PID 27147 (started by discente in /home/discente/Vídeos/search-engine/backend)
2024-06-07T11:32:19.176-03:00  INFO 27147 --- [           main] c.e.search.SearchApplicationTests        : No active profile set, falling back to 1 default profile: "default"
2024-06-07T11:32:20.001-03:00  INFO 27147 --- [           main] c.e.search.SearchApplicationTests        : Started SearchApplicationTests in 0.945 seconds (process running for 1.319)
]]></system-out>
  </testcase>
</testsuite>